[debug] [2026-05-02T10:07:49.085Z] [Firebase Plugin] Activating Firebase extension.
[debug] [2026-05-02T10:07:49.887Z] [Firebase Plugin] requireAuthWrapper
[debug] [2026-05-02T10:07:49.888Z] > command requires scopes: ["email","openid","https://www.googleapis.com/auth/cloudplatformprojects.readonly","https://www.googleapis.com/auth/firebase","https://www.googleapis.com/auth/cloud-platform"]
[error] [Firebase Plugin] requireAuth error: Could not load the default credentials. Browse to https://cloud.google.com/docs/authentication/getting-started for more information.
[debug] [2026-05-02T10:07:49.894Z] [Firebase Plugin] VSCode notification server listening on port 40001
[info] [Firebase Plugin] Starting SQL Connect toolkit (version 3.4.5) on port 50001
[debug] [2026-05-02T10:07:49.995Z] 'fdc build' failed with error: Unable to build your SQL Connect schema and connectors (exit code 1): E0502 06:07:49.995043    8426 cmd.go:43] Error loading data connect config: could not find dataconnect.yaml in `/Users/kiyarose/Documents/SLTMAIN/CookieCut/CookieCut/dataconnect`
 {"metadata":{"emulator":{"name":"dataconnect"},"message":"'fdc build' failed with error: Unable to build your SQL Connect schema and connectors (exit code 1): E0502 06:07:49.995043    8426 cmd.go:43] Error loading data connect config: could not find dataconnect.yaml in `/Users/kiyarose/Documents/SLTMAIN/CookieCut/CookieCut/dataconnect`\n"}}
[debug] [2026-05-02T10:07:49.996Z] Ignoring unsupported arg: auto_download {"metadata":{"emulator":{"name":"dataconnect"},"message":"Ignoring unsupported arg: auto_download"}}
[debug] [2026-05-02T10:07:49.996Z] Ignoring unsupported arg: port {"metadata":{"emulator":{"name":"dataconnect"},"message":"Ignoring unsupported arg: port"}}
[debug] [2026-05-02T10:07:49.996Z] Starting SQL Connect Emulator with command {"binary":"/Users/kiyarose/.cache/firebase/emulators/dataconnect-emulator-3.4.5","args":["--logtostderr","-v=2","dev","--listen=localhost:50001","--config_dir=/Users/kiyarose/Documents/SLTMAIN/CookieCut/CookieCut/dataconnect","--enable_output_schema_extensions=true","--enable_output_generated_sdk=true"],"optionalArgs":["listen","config_dir","enable_output_schema_extensions","enable_output_generated_sdk"],"joinArgs":true,"shell":false,"port":9399} {"metadata":{"emulator":{"name":"dataconnect"},"message":"Starting SQL Connect Emulator with command {\"binary\":\"/Users/kiyarose/.cache/firebase/emulators/dataconnect-emulator-3.4.5\",\"args\":[\"--logtostderr\",\"-v=2\",\"dev\",\"--listen=localhost:50001\",\"--config_dir=/Users/kiyarose/Documents/SLTMAIN/CookieCut/CookieCut/dataconnect\",\"--enable_output_schema_extensions=true\",\"--enable_output_generated_sdk=true\"],\"optionalArgs\":[\"listen\",\"config_dir\",\"enable_output_schema_extensions\",\"enable_output_generated_sdk\"],\"joinArgs\":true,\"shell\":false,\"port\":9399}"}}
[info] i  dataconnect: SQL Connect Emulator logging to dataconnect-debug.log {"metadata":{"emulator":{"name":"dataconnect"},"message":"SQL Connect Emulator logging to dataconnect-debug.log"}}
[debug] [2026-05-02T10:07:50.011Z] E0502 06:07:50.011734    8427 dev.go:83] Failed to load initial config from "/Users/kiyarose/Documents/SLTMAIN/CookieCut/CookieCut/dataconnect": could not find dataconnect.yaml in `/Users/kiyarose/Documents/SLTMAIN/CookieCut/CookieCut/dataconnect`
 {"metadata":{"emulator":{"name":"dataconnect"},"message":"E0502 06:07:50.011734    8427 dev.go:83] Failed to load initial config from \"/Users/kiyarose/Documents/SLTMAIN/CookieCut/CookieCut/dataconnect\": could not find dataconnect.yaml in `/Users/kiyarose/Documents/SLTMAIN/CookieCut/CookieCut/dataconnect`\n"}}
[debug] [2026-05-02T10:07:50.012Z] E0502 06:07:50.012136    8427 watch.go:116] watchAllDir unable to walk dir `/Users/kiyarose/Documents/SLTMAIN/CookieCut/CookieCut/dataconnect`: lstat /Users/kiyarose/Documents/SLTMAIN/CookieCut/CookieCut/dataconnect: no such file or directory
 {"metadata":{"emulator":{"name":"dataconnect"},"message":"E0502 06:07:50.012136    8427 watch.go:116] watchAllDir unable to walk dir `/Users/kiyarose/Documents/SLTMAIN/CookieCut/CookieCut/dataconnect`: lstat /Users/kiyarose/Documents/SLTMAIN/CookieCut/CookieCut/dataconnect: no such file or directory\n"}}
[debug] [2026-05-02T10:07:50.012Z] I0502 06:07:50.012462    8427 dev.go:104] Listening on address (HTTP + gRPC): 127.0.0.1:50001
 {"metadata":{"emulator":{"name":"dataconnect"},"message":"I0502 06:07:50.012462    8427 dev.go:104] Listening on address (HTTP + gRPC): 127.0.0.1:50001\n"}}
[error] [Firebase Plugin] error:  {}
[debug] [2026-05-02T10:08:00.016Z] E0502 06:08:00.016104    8427 watch.go:40] Failed to load config from "/Users/kiyarose/Documents/SLTMAIN/CookieCut/CookieCut/dataconnect": could not find dataconnect.yaml in `/Users/kiyarose/Documents/SLTMAIN/CookieCut/CookieCut/dataconnect`
 {"metadata":{"emulator":{"name":"dataconnect"},"message":"E0502 06:08:00.016104    8427 watch.go:40] Failed to load config from \"/Users/kiyarose/Documents/SLTMAIN/CookieCut/CookieCut/dataconnect\": could not find dataconnect.yaml in `/Users/kiyarose/Documents/SLTMAIN/CookieCut/CookieCut/dataconnect`\n"}}
[debug] [2026-05-02T10:08:10.014Z] E0502 06:08:10.013957    8427 watch.go:40] Failed to load config from "/Users/kiyarose/Documents/SLTMAIN/CookieCut/CookieCut/dataconnect": could not find dataconnect.yaml in `/Users/kiyarose/Documents/SLTMAIN/CookieCut/CookieCut/dataconnect`
 {"metadata":{"emulator":{"name":"dataconnect"},"message":"E0502 06:08:10.013957    8427 watch.go:40] Failed to load config from \"/Users/kiyarose/Documents/SLTMAIN/CookieCut/CookieCut/dataconnect\": could not find dataconnect.yaml in `/Users/kiyarose/Documents/SLTMAIN/CookieCut/CookieCut/dataconnect`\n"}}
[debug] [2026-05-02T10:08:20.013Z] E0502 06:08:20.013190    8427 watch.go:40] Failed to load config from "/Users/kiyarose/Documents/SLTMAIN/CookieCut/CookieCut/dataconnect": could not find dataconnect.yaml in `/Users/kiyarose/Documents/SLTMAIN/CookieCut/CookieCut/dataconnect`
 {"metadata":{"emulator":{"name":"dataconnect"},"message":"E0502 06:08:20.013190    8427 watch.go:40] Failed to load config from \"/Users/kiyarose/Documents/SLTMAIN/CookieCut/CookieCut/dataconnect\": could not find dataconnect.yaml in `/Users/kiyarose/Documents/SLTMAIN/CookieCut/CookieCut/dataconnect`\n"}}
[debug] [2026-05-02T10:08:30.014Z] E0502 06:08:30.014066    8427 watch.go:40] Failed to load config from "/Users/kiyarose/Documents/SLTMAIN/CookieCut/CookieCut/dataconnect": could not find dataconnect.yaml in `/Users/kiyarose/Documents/SLTMAIN/CookieCut/CookieCut/dataconnect`
 {"metadata":{"emulator":{"name":"dataconnect"},"message":"E0502 06:08:30.014066    8427 watch.go:40] Failed to load config from \"/Users/kiyarose/Documents/SLTMAIN/CookieCut/CookieCut/dataconnect\": could not find dataconnect.yaml in `/Users/kiyarose/Documents/SLTMAIN/CookieCut/CookieCut/dataconnect`\n"}}
[debug] [2026-05-02T10:08:40.014Z] E0502 06:08:40.013626    8427 watch.go:40] Failed to load config from "/Users/kiyarose/Documents/SLTMAIN/CookieCut/CookieCut/dataconnect": could not find dataconnect.yaml in `/Users/kiyarose/Documents/SLTMAIN/CookieCut/CookieCut/dataconnect`
 {"metadata":{"emulator":{"name":"dataconnect"},"message":"E0502 06:08:40.013626    8427 watch.go:40] Failed to load config from \"/Users/kiyarose/Documents/SLTMAIN/CookieCut/CookieCut/dataconnect\": could not find dataconnect.yaml in `/Users/kiyarose/Documents/SLTMAIN/CookieCut/CookieCut/dataconnect`\n"}}
[debug] [2026-05-02T10:08:50.013Z] E0502 06:08:50.013516    8427 watch.go:116] watchAllDir unable to walk dir `/Users/kiyarose/Documents/SLTMAIN/CookieCut/CookieCut/dataconnect`: lstat /Users/kiyarose/Documents/SLTMAIN/CookieCut/CookieCut/dataconnect: no such file or directory
E0502 06:08:50.013568    8427 watch.go:40] Failed to load config from "/Users/kiyarose/Documents/SLTMAIN/CookieCut/CookieCut/dataconnect": could not find dataconnect.yaml in `/Users/kiyarose/Documents/SLTMAIN/CookieCut/CookieCut/dataconnect`
 {"metadata":{"emulator":{"name":"dataconnect"},"message":"E0502 06:08:50.013516    8427 watch.go:116] watchAllDir unable to walk dir `/Users/kiyarose/Documents/SLTMAIN/CookieCut/CookieCut/dataconnect`: lstat /Users/kiyarose/Documents/SLTMAIN/CookieCut/CookieCut/dataconnect: no such file or directory\nE0502 06:08:50.013568    8427 watch.go:40] Failed to load config from \"/Users/kiyarose/Documents/SLTMAIN/CookieCut/CookieCut/dataconnect\": could not find dataconnect.yaml in `/Users/kiyarose/Documents/SLTMAIN/CookieCut/CookieCut/dataconnect`\n"}}
[debug] [2026-05-02T10:09:00.014Z] E0502 06:09:00.014092    8427 watch.go:40] Failed to load config from "/Users/kiyarose/Documents/SLTMAIN/CookieCut/CookieCut/dataconnect": could not find dataconnect.yaml in `/Users/kiyarose/Documents/SLTMAIN/CookieCut/CookieCut/dataconnect`
 {"metadata":{"emulator":{"name":"dataconnect"},"message":"E0502 06:09:00.014092    8427 watch.go:40] Failed to load config from \"/Users/kiyarose/Documents/SLTMAIN/CookieCut/CookieCut/dataconnect\": could not find dataconnect.yaml in `/Users/kiyarose/Documents/SLTMAIN/CookieCut/CookieCut/dataconnect`\n"}}
[debug] [2026-05-02T10:09:10.014Z] E0502 06:09:10.014472    8427 watch.go:40] Failed to load config from "/Users/kiyarose/Documents/SLTMAIN/CookieCut/CookieCut/dataconnect": could not find dataconnect.yaml in `/Users/kiyarose/Documents/SLTMAIN/CookieCut/CookieCut/dataconnect`
 {"metadata":{"emulator":{"name":"dataconnect"},"message":"E0502 06:09:10.014472    8427 watch.go:40] Failed to load config from \"/Users/kiyarose/Documents/SLTMAIN/CookieCut/CookieCut/dataconnect\": could not find dataconnect.yaml in `/Users/kiyarose/Documents/SLTMAIN/CookieCut/CookieCut/dataconnect`\n"}}
[debug] [2026-05-02T10:09:20.014Z] E0502 06:09:20.014151    8427 watch.go:40] Failed to load config from "/Users/kiyarose/Documents/SLTMAIN/CookieCut/CookieCut/dataconnect": could not find dataconnect.yaml in `/Users/kiyarose/Documents/SLTMAIN/CookieCut/CookieCut/dataconnect`
 {"metadata":{"emulator":{"name":"dataconnect"},"message":"E0502 06:09:20.014151    8427 watch.go:40] Failed to load config from \"/Users/kiyarose/Documents/SLTMAIN/CookieCut/CookieCut/dataconnect\": could not find dataconnect.yaml in `/Users/kiyarose/Documents/SLTMAIN/CookieCut/CookieCut/dataconnect`\n"}}
[debug] [2026-05-02T10:09:30.015Z] E0502 06:09:30.014699    8427 watch.go:40] Failed to load config from "/Users/kiyarose/Documents/SLTMAIN/CookieCut/CookieCut/dataconnect": could not find dataconnect.yaml in `/Users/kiyarose/Documents/SLTMAIN/CookieCut/CookieCut/dataconnect`
 {"metadata":{"emulator":{"name":"dataconnect"},"message":"E0502 06:09:30.014699    8427 watch.go:40] Failed to load config from \"/Users/kiyarose/Documents/SLTMAIN/CookieCut/CookieCut/dataconnect\": could not find dataconnect.yaml in `/Users/kiyarose/Documents/SLTMAIN/CookieCut/CookieCut/dataconnect`\n"}}
[debug] [2026-05-02T10:09:40.014Z] E0502 06:09:40.014451    8427 watch.go:40] Failed to load config from "/Users/kiyarose/Documents/SLTMAIN/CookieCut/CookieCut/dataconnect": could not find dataconnect.yaml in `/Users/kiyarose/Documents/SLTMAIN/CookieCut/CookieCut/dataconnect`
 {"metadata":{"emulator":{"name":"dataconnect"},"message":"E0502 06:09:40.014451    8427 watch.go:40] Failed to load config from \"/Users/kiyarose/Documents/SLTMAIN/CookieCut/CookieCut/dataconnect\": could not find dataconnect.yaml in `/Users/kiyarose/Documents/SLTMAIN/CookieCut/CookieCut/dataconnect`\n"}}
[debug] [2026-05-02T10:09:50.018Z] E0502 06:09:50.015825    8427 watch.go:116] watchAllDir unable to walk dir `/Users/kiyarose/Documents/SLTMAIN/CookieCut/CookieCut/dataconnect`: lstat /Users/kiyarose/Documents/SLTMAIN/CookieCut/CookieCut/dataconnect: no such file or directory
E0502 06:09:50.015896    8427 watch.go:40] Failed to load config from "/Users/kiyarose/Documents/SLTMAIN/CookieCut/CookieCut/dataconnect": could not find dataconnect.yaml in `/Users/kiyarose/Documents/SLTMAIN/CookieCut/CookieCut/dataconnect`
 {"metadata":{"emulator":{"name":"dataconnect"},"message":"E0502 06:09:50.015825    8427 watch.go:116] watchAllDir unable to walk dir `/Users/kiyarose/Documents/SLTMAIN/CookieCut/CookieCut/dataconnect`: lstat /Users/kiyarose/Documents/SLTMAIN/CookieCut/CookieCut/dataconnect: no such file or directory\nE0502 06:09:50.015896    8427 watch.go:40] Failed to load config from \"/Users/kiyarose/Documents/SLTMAIN/CookieCut/CookieCut/dataconnect\": could not find dataconnect.yaml in `/Users/kiyarose/Documents/SLTMAIN/CookieCut/CookieCut/dataconnect`\n"}}
[debug] [2026-05-02T10:10:00.017Z] E0502 06:10:00.017402    8427 watch.go:40] Failed to load config from "/Users/kiyarose/Documents/SLTMAIN/CookieCut/CookieCut/dataconnect": could not find dataconnect.yaml in `/Users/kiyarose/Documents/SLTMAIN/CookieCut/CookieCut/dataconnect`
 {"metadata":{"emulator":{"name":"dataconnect"},"message":"E0502 06:10:00.017402    8427 watch.go:40] Failed to load config from \"/Users/kiyarose/Documents/SLTMAIN/CookieCut/CookieCut/dataconnect\": could not find dataconnect.yaml in `/Users/kiyarose/Documents/SLTMAIN/CookieCut/CookieCut/dataconnect`\n"}}
[debug] [2026-05-02T10:10:10.014Z] E0502 06:10:10.013891    8427 watch.go:40] Failed to load config from "/Users/kiyarose/Documents/SLTMAIN/CookieCut/CookieCut/dataconnect": could not find dataconnect.yaml in `/Users/kiyarose/Documents/SLTMAIN/CookieCut/CookieCut/dataconnect`
 {"metadata":{"emulator":{"name":"dataconnect"},"message":"E0502 06:10:10.013891    8427 watch.go:40] Failed to load config from \"/Users/kiyarose/Documents/SLTMAIN/CookieCut/CookieCut/dataconnect\": could not find dataconnect.yaml in `/Users/kiyarose/Documents/SLTMAIN/CookieCut/CookieCut/dataconnect`\n"}}
[debug] [2026-05-02T10:10:20.014Z] E0502 06:10:20.014560    8427 watch.go:40] Failed to load config from "/Users/kiyarose/Documents/SLTMAIN/CookieCut/CookieCut/dataconnect": could not find dataconnect.yaml in `/Users/kiyarose/Documents/SLTMAIN/CookieCut/CookieCut/dataconnect`
 {"metadata":{"emulator":{"name":"dataconnect"},"message":"E0502 06:10:20.014560    8427 watch.go:40] Failed to load config from \"/Users/kiyarose/Documents/SLTMAIN/CookieCut/CookieCut/dataconnect\": could not find dataconnect.yaml in `/Users/kiyarose/Documents/SLTMAIN/CookieCut/CookieCut/dataconnect`\n"}}
[debug] [2026-05-02T10:10:30.015Z] E0502 06:10:30.014939    8427 watch.go:40] Failed to load config from "/Users/kiyarose/Documents/SLTMAIN/CookieCut/CookieCut/dataconnect": could not find dataconnect.yaml in `/Users/kiyarose/Documents/SLTMAIN/CookieCut/CookieCut/dataconnect`
 {"metadata":{"emulator":{"name":"dataconnect"},"message":"E0502 06:10:30.014939    8427 watch.go:40] Failed to load config from \"/Users/kiyarose/Documents/SLTMAIN/CookieCut/CookieCut/dataconnect\": could not find dataconnect.yaml in `/Users/kiyarose/Documents/SLTMAIN/CookieCut/CookieCut/dataconnect`\n"}}
[debug] [2026-05-02T10:10:40.015Z] E0502 06:10:40.015164    8427 watch.go:40] Failed to load config from "/Users/kiyarose/Documents/SLTMAIN/CookieCut/CookieCut/dataconnect": could not find dataconnect.yaml in `/Users/kiyarose/Documents/SLTMAIN/CookieCut/CookieCut/dataconnect`
 {"metadata":{"emulator":{"name":"dataconnect"},"message":"E0502 06:10:40.015164    8427 watch.go:40] Failed to load config from \"/Users/kiyarose/Documents/SLTMAIN/CookieCut/CookieCut/dataconnect\": could not find dataconnect.yaml in `/Users/kiyarose/Documents/SLTMAIN/CookieCut/CookieCut/dataconnect`\n"}}
[debug] [2026-05-02T10:10:50.015Z] E0502 06:10:50.014990    8427 watch.go:40] Failed to load config from "/Users/kiyarose/Documents/SLTMAIN/CookieCut/CookieCut/dataconnect": could not find dataconnect.yaml in `/Users/kiyarose/Documents/SLTMAIN/CookieCut/CookieCut/dataconnect`
E0502 06:10:50.014985    8427 watch.go:116] watchAllDir unable to walk dir `/Users/kiyarose/Documents/SLTMAIN/CookieCut/CookieCut/dataconnect`: lstat /Users/kiyarose/Documents/SLTMAIN/CookieCut/CookieCut/dataconnect: no such file or directory
 {"metadata":{"emulator":{"name":"dataconnect"},"message":"E0502 06:10:50.014990    8427 watch.go:40] Failed to load config from \"/Users/kiyarose/Documents/SLTMAIN/CookieCut/CookieCut/dataconnect\": could not find dataconnect.yaml in `/Users/kiyarose/Documents/SLTMAIN/CookieCut/CookieCut/dataconnect`\nE0502 06:10:50.014985    8427 watch.go:116] watchAllDir unable to walk dir `/Users/kiyarose/Documents/SLTMAIN/CookieCut/CookieCut/dataconnect`: lstat /Users/kiyarose/Documents/SLTMAIN/CookieCut/CookieCut/dataconnect: no such file or directory\n"}}
[debug] [2026-05-02T10:11:00.015Z] E0502 06:11:00.015480    8427 watch.go:40] Failed to load config from "/Users/kiyarose/Documents/SLTMAIN/CookieCut/CookieCut/dataconnect": could not find dataconnect.yaml in `/Users/kiyarose/Documents/SLTMAIN/CookieCut/CookieCut/dataconnect`
 {"metadata":{"emulator":{"name":"dataconnect"},"message":"E0502 06:11:00.015480    8427 watch.go:40] Failed to load config from \"/Users/kiyarose/Documents/SLTMAIN/CookieCut/CookieCut/dataconnect\": could not find dataconnect.yaml in `/Users/kiyarose/Documents/SLTMAIN/CookieCut/CookieCut/dataconnect`\n"}}
[debug] [2026-05-02T10:11:10.015Z] E0502 06:11:10.015105    8427 watch.go:40] Failed to load config from "/Users/kiyarose/Documents/SLTMAIN/CookieCut/CookieCut/dataconnect": could not find dataconnect.yaml in `/Users/kiyarose/Documents/SLTMAIN/CookieCut/CookieCut/dataconnect`
 {"metadata":{"emulator":{"name":"dataconnect"},"message":"E0502 06:11:10.015105    8427 watch.go:40] Failed to load config from \"/Users/kiyarose/Documents/SLTMAIN/CookieCut/CookieCut/dataconnect\": could not find dataconnect.yaml in `/Users/kiyarose/Documents/SLTMAIN/CookieCut/CookieCut/dataconnect`\n"}}
[debug] [2026-05-02T10:11:20.015Z] E0502 06:11:20.014805    8427 watch.go:40] Failed to load config from "/Users/kiyarose/Documents/SLTMAIN/CookieCut/CookieCut/dataconnect": could not find dataconnect.yaml in `/Users/kiyarose/Documents/SLTMAIN/CookieCut/CookieCut/dataconnect`
 {"metadata":{"emulator":{"name":"dataconnect"},"message":"E0502 06:11:20.014805    8427 watch.go:40] Failed to load config from \"/Users/kiyarose/Documents/SLTMAIN/CookieCut/CookieCut/dataconnect\": could not find dataconnect.yaml in `/Users/kiyarose/Documents/SLTMAIN/CookieCut/CookieCut/dataconnect`\n"}}
[debug] [2026-05-02T10:11:30.015Z] E0502 06:11:30.015617    8427 watch.go:40] Failed to load config from "/Users/kiyarose/Documents/SLTMAIN/CookieCut/CookieCut/dataconnect": could not find dataconnect.yaml in `/Users/kiyarose/Documents/SLTMAIN/CookieCut/CookieCut/dataconnect`
 {"metadata":{"emulator":{"name":"dataconnect"},"message":"E0502 06:11:30.015617    8427 watch.go:40] Failed to load config from \"/Users/kiyarose/Documents/SLTMAIN/CookieCut/CookieCut/dataconnect\": could not find dataconnect.yaml in `/Users/kiyarose/Documents/SLTMAIN/CookieCut/CookieCut/dataconnect`\n"}}
[debug] [2026-05-02T10:11:40.015Z] E0502 06:11:40.015816    8427 watch.go:40] Failed to load config from "/Users/kiyarose/Documents/SLTMAIN/CookieCut/CookieCut/dataconnect": could not find dataconnect.yaml in `/Users/kiyarose/Documents/SLTMAIN/CookieCut/CookieCut/dataconnect`
 {"metadata":{"emulator":{"name":"dataconnect"},"message":"E0502 06:11:40.015816    8427 watch.go:40] Failed to load config from \"/Users/kiyarose/Documents/SLTMAIN/CookieCut/CookieCut/dataconnect\": could not find dataconnect.yaml in `/Users/kiyarose/Documents/SLTMAIN/CookieCut/CookieCut/dataconnect`\n"}}
[debug] [2026-05-02T10:11:50.015Z] E0502 06:11:50.015080    8427 watch.go:116] watchAllDir unable to walk dir `/Users/kiyarose/Documents/SLTMAIN/CookieCut/CookieCut/dataconnect`: lstat /Users/kiyarose/Documents/SLTMAIN/CookieCut/CookieCut/dataconnect: no such file or directory
 {"metadata":{"emulator":{"name":"dataconnect"},"message":"E0502 06:11:50.015080    8427 watch.go:116] watchAllDir unable to walk dir `/Users/kiyarose/Documents/SLTMAIN/CookieCut/CookieCut/dataconnect`: lstat /Users/kiyarose/Documents/SLTMAIN/CookieCut/CookieCut/dataconnect: no such file or directory\n"}}
[debug] [2026-05-02T10:11:50.016Z] E0502 06:11:50.015522    8427 watch.go:40] Failed to load config from "/Users/kiyarose/Documents/SLTMAIN/CookieCut/CookieCut/dataconnect": could not find dataconnect.yaml in `/Users/kiyarose/Documents/SLTMAIN/CookieCut/CookieCut/dataconnect`
 {"metadata":{"emulator":{"name":"dataconnect"},"message":"E0502 06:11:50.015522    8427 watch.go:40] Failed to load config from \"/Users/kiyarose/Documents/SLTMAIN/CookieCut/CookieCut/dataconnect\": could not find dataconnect.yaml in `/Users/kiyarose/Documents/SLTMAIN/CookieCut/CookieCut/dataconnect`\n"}}
[debug] [2026-05-02T10:12:00.016Z] E0502 06:12:00.016457    8427 watch.go:40] Failed to load config from "/Users/kiyarose/Documents/SLTMAIN/CookieCut/CookieCut/dataconnect": could not find dataconnect.yaml in `/Users/kiyarose/Documents/SLTMAIN/CookieCut/CookieCut/dataconnect`
 {"metadata":{"emulator":{"name":"dataconnect"},"message":"E0502 06:12:00.016457    8427 watch.go:40] Failed to load config from \"/Users/kiyarose/Documents/SLTMAIN/CookieCut/CookieCut/dataconnect\": could not find dataconnect.yaml in `/Users/kiyarose/Documents/SLTMAIN/CookieCut/CookieCut/dataconnect`\n"}}
[debug] [2026-05-02T10:12:10.015Z] E0502 06:12:10.015657    8427 watch.go:40] Failed to load config from "/Users/kiyarose/Documents/SLTMAIN/CookieCut/CookieCut/dataconnect": could not find dataconnect.yaml in `/Users/kiyarose/Documents/SLTMAIN/CookieCut/CookieCut/dataconnect`
 {"metadata":{"emulator":{"name":"dataconnect"},"message":"E0502 06:12:10.015657    8427 watch.go:40] Failed to load config from \"/Users/kiyarose/Documents/SLTMAIN/CookieCut/CookieCut/dataconnect\": could not find dataconnect.yaml in `/Users/kiyarose/Documents/SLTMAIN/CookieCut/CookieCut/dataconnect`\n"}}
[debug] [2026-05-02T10:12:20.015Z] E0502 06:12:20.015672    8427 watch.go:40] Failed to load config from "/Users/kiyarose/Documents/SLTMAIN/CookieCut/CookieCut/dataconnect": could not find dataconnect.yaml in `/Users/kiyarose/Documents/SLTMAIN/CookieCut/CookieCut/dataconnect`
 {"metadata":{"emulator":{"name":"dataconnect"},"message":"E0502 06:12:20.015672    8427 watch.go:40] Failed to load config from \"/Users/kiyarose/Documents/SLTMAIN/CookieCut/CookieCut/dataconnect\": could not find dataconnect.yaml in `/Users/kiyarose/Documents/SLTMAIN/CookieCut/CookieCut/dataconnect`\n"}}
[debug] [2026-05-02T10:12:30.016Z] E0502 06:12:30.016407    8427 watch.go:40] Failed to load config from "/Users/kiyarose/Documents/SLTMAIN/CookieCut/CookieCut/dataconnect": could not find dataconnect.yaml in `/Users/kiyarose/Documents/SLTMAIN/CookieCut/CookieCut/dataconnect`
 {"metadata":{"emulator":{"name":"dataconnect"},"message":"E0502 06:12:30.016407    8427 watch.go:40] Failed to load config from \"/Users/kiyarose/Documents/SLTMAIN/CookieCut/CookieCut/dataconnect\": could not find dataconnect.yaml in `/Users/kiyarose/Documents/SLTMAIN/CookieCut/CookieCut/dataconnect`\n"}}
[debug] [2026-05-02T10:12:40.016Z] E0502 06:12:40.016335    8427 watch.go:40] Failed to load config from "/Users/kiyarose/Documents/SLTMAIN/CookieCut/CookieCut/dataconnect": could not find dataconnect.yaml in `/Users/kiyarose/Documents/SLTMAIN/CookieCut/CookieCut/dataconnect`
 {"metadata":{"emulator":{"name":"dataconnect"},"message":"E0502 06:12:40.016335    8427 watch.go:40] Failed to load config from \"/Users/kiyarose/Documents/SLTMAIN/CookieCut/CookieCut/dataconnect\": could not find dataconnect.yaml in `/Users/kiyarose/Documents/SLTMAIN/CookieCut/CookieCut/dataconnect`\n"}}
[debug] [2026-05-02T10:12:50.016Z] E0502 06:12:50.015970    8427 watch.go:116] watchAllDir unable to walk dir `/Users/kiyarose/Documents/SLTMAIN/CookieCut/CookieCut/dataconnect`: lstat /Users/kiyarose/Documents/SLTMAIN/CookieCut/CookieCut/dataconnect: no such file or directory
E0502 06:12:50.015998    8427 watch.go:40] Failed to load config from "/Users/kiyarose/Documents/SLTMAIN/CookieCut/CookieCut/dataconnect": could not find dataconnect.yaml in `/Users/kiyarose/Documents/SLTMAIN/CookieCut/CookieCut/dataconnect`
 {"metadata":{"emulator":{"name":"dataconnect"},"message":"E0502 06:12:50.015970    8427 watch.go:116] watchAllDir unable to walk dir `/Users/kiyarose/Documents/SLTMAIN/CookieCut/CookieCut/dataconnect`: lstat /Users/kiyarose/Documents/SLTMAIN/CookieCut/CookieCut/dataconnect: no such file or directory\nE0502 06:12:50.015998    8427 watch.go:40] Failed to load config from \"/Users/kiyarose/Documents/SLTMAIN/CookieCut/CookieCut/dataconnect\": could not find dataconnect.yaml in `/Users/kiyarose/Documents/SLTMAIN/CookieCut/CookieCut/dataconnect`\n"}}
[debug] [2026-05-02T10:13:00.016Z] E0502 06:13:00.016631    8427 watch.go:40] Failed to load config from "/Users/kiyarose/Documents/SLTMAIN/CookieCut/CookieCut/dataconnect": could not find dataconnect.yaml in `/Users/kiyarose/Documents/SLTMAIN/CookieCut/CookieCut/dataconnect`
 {"metadata":{"emulator":{"name":"dataconnect"},"message":"E0502 06:13:00.016631    8427 watch.go:40] Failed to load config from \"/Users/kiyarose/Documents/SLTMAIN/CookieCut/CookieCut/dataconnect\": could not find dataconnect.yaml in `/Users/kiyarose/Documents/SLTMAIN/CookieCut/CookieCut/dataconnect`\n"}}
[debug] [2026-05-02T10:13:10.016Z] E0502 06:13:10.016632    8427 watch.go:40] Failed to load config from "/Users/kiyarose/Documents/SLTMAIN/CookieCut/CookieCut/dataconnect": could not find dataconnect.yaml in `/Users/kiyarose/Documents/SLTMAIN/CookieCut/CookieCut/dataconnect`
 {"metadata":{"emulator":{"name":"dataconnect"},"message":"E0502 06:13:10.016632    8427 watch.go:40] Failed to load config from \"/Users/kiyarose/Documents/SLTMAIN/CookieCut/CookieCut/dataconnect\": could not find dataconnect.yaml in `/Users/kiyarose/Documents/SLTMAIN/CookieCut/CookieCut/dataconnect`\n"}}
[debug] [2026-05-02T10:13:20.016Z] E0502 06:13:20.016494    8427 watch.go:40] Failed to load config from "/Users/kiyarose/Documents/SLTMAIN/CookieCut/CookieCut/dataconnect": could not find dataconnect.yaml in `/Users/kiyarose/Documents/SLTMAIN/CookieCut/CookieCut/dataconnect`
 {"metadata":{"emulator":{"name":"dataconnect"},"message":"E0502 06:13:20.016494    8427 watch.go:40] Failed to load config from \"/Users/kiyarose/Documents/SLTMAIN/CookieCut/CookieCut/dataconnect\": could not find dataconnect.yaml in `/Users/kiyarose/Documents/SLTMAIN/CookieCut/CookieCut/dataconnect`\n"}}
[debug] [2026-05-02T10:13:30.017Z] E0502 06:13:30.016848    8427 watch.go:40] Failed to load config from "/Users/kiyarose/Documents/SLTMAIN/CookieCut/CookieCut/dataconnect": could not find dataconnect.yaml in `/Users/kiyarose/Documents/SLTMAIN/CookieCut/CookieCut/dataconnect`
 {"metadata":{"emulator":{"name":"dataconnect"},"message":"E0502 06:13:30.016848    8427 watch.go:40] Failed to load config from \"/Users/kiyarose/Documents/SLTMAIN/CookieCut/CookieCut/dataconnect\": could not find dataconnect.yaml in `/Users/kiyarose/Documents/SLTMAIN/CookieCut/CookieCut/dataconnect`\n"}}
[debug] [2026-05-02T10:13:40.016Z] E0502 06:13:40.016687    8427 watch.go:40] Failed to load config from "/Users/kiyarose/Documents/SLTMAIN/CookieCut/CookieCut/dataconnect": could not find dataconnect.yaml in `/Users/kiyarose/Documents/SLTMAIN/CookieCut/CookieCut/dataconnect`
 {"metadata":{"emulator":{"name":"dataconnect"},"message":"E0502 06:13:40.016687    8427 watch.go:40] Failed to load config from \"/Users/kiyarose/Documents/SLTMAIN/CookieCut/CookieCut/dataconnect\": could not find dataconnect.yaml in `/Users/kiyarose/Documents/SLTMAIN/CookieCut/CookieCut/dataconnect`\n"}}
[debug] [2026-05-02T10:13:50.015Z] E0502 06:13:50.015210    8427 watch.go:40] Failed to load config from "/Users/kiyarose/Documents/SLTMAIN/CookieCut/CookieCut/dataconnect": could not find dataconnect.yaml in `/Users/kiyarose/Documents/SLTMAIN/CookieCut/CookieCut/dataconnect`
E0502 06:13:50.015222    8427 watch.go:116] watchAllDir unable to walk dir `/Users/kiyarose/Documents/SLTMAIN/CookieCut/CookieCut/dataconnect`: lstat /Users/kiyarose/Documents/SLTMAIN/CookieCut/CookieCut/dataconnect: no such file or directory
 {"metadata":{"emulator":{"name":"dataconnect"},"message":"E0502 06:13:50.015210    8427 watch.go:40] Failed to load config from \"/Users/kiyarose/Documents/SLTMAIN/CookieCut/CookieCut/dataconnect\": could not find dataconnect.yaml in `/Users/kiyarose/Documents/SLTMAIN/CookieCut/CookieCut/dataconnect`\nE0502 06:13:50.015222    8427 watch.go:116] watchAllDir unable to walk dir `/Users/kiyarose/Documents/SLTMAIN/CookieCut/CookieCut/dataconnect`: lstat /Users/kiyarose/Documents/SLTMAIN/CookieCut/CookieCut/dataconnect: no such file or directory\n"}}
[debug] [2026-05-02T10:14:00.014Z] E0502 06:14:00.014141    8427 watch.go:40] Failed to load config from "/Users/kiyarose/Documents/SLTMAIN/CookieCut/CookieCut/dataconnect": could not find dataconnect.yaml in `/Users/kiyarose/Documents/SLTMAIN/CookieCut/CookieCut/dataconnect`
 {"metadata":{"emulator":{"name":"dataconnect"},"message":"E0502 06:14:00.014141    8427 watch.go:40] Failed to load config from \"/Users/kiyarose/Documents/SLTMAIN/CookieCut/CookieCut/dataconnect\": could not find dataconnect.yaml in `/Users/kiyarose/Documents/SLTMAIN/CookieCut/CookieCut/dataconnect`\n"}}
[info] [Firebase Plugin] Stopping SQL Connect toolkit
[warn] ⚠  SQL Connect Emulator has exited upon receiving signal: SIGINT 
[debug] [2026-05-02T15:45:22.880Z] [Firebase Plugin] Activating Firebase extension.
[debug] [2026-05-02T15:45:26.315Z] [Firebase Plugin] requireAuthWrapper
[debug] [2026-05-02T15:45:26.317Z] > command requires scopes: ["email","openid","https://www.googleapis.com/auth/cloudplatformprojects.readonly","https://www.googleapis.com/auth/firebase","https://www.googleapis.com/auth/cloud-platform"]
[debug] [2026-05-02T15:45:26.341Z] [Firebase Plugin] VSCode notification server listening on port 40001
[info] [Firebase Plugin] Starting SQL Connect toolkit (version 3.4.5) on port 50001
[debug] [2026-05-02T15:45:27.808Z] 'fdc build' failed with error: Unable to build your SQL Connect schema and connectors (exit code 1): E0502 11:45:27.796587   27584 cmd.go:43] Error loading data connect config: could not find dataconnect.yaml in `/Users/kiyarose/Documents/SLTMAIN/CookieCut/CookieCut/dataconnect`
 {"metadata":{"emulator":{"name":"dataconnect"},"message":"'fdc build' failed with error: Unable to build your SQL Connect schema and connectors (exit code 1): E0502 11:45:27.796587   27584 cmd.go:43] Error loading data connect config: could not find dataconnect.yaml in `/Users/kiyarose/Documents/SLTMAIN/CookieCut/CookieCut/dataconnect`\n"}}
[debug] [2026-05-02T15:45:27.809Z] Ignoring unsupported arg: auto_download {"metadata":{"emulator":{"name":"dataconnect"},"message":"Ignoring unsupported arg: auto_download"}}
[debug] [2026-05-02T15:45:27.809Z] Ignoring unsupported arg: port {"metadata":{"emulator":{"name":"dataconnect"},"message":"Ignoring unsupported arg: port"}}
[debug] [2026-05-02T15:45:27.810Z] Starting SQL Connect Emulator with command {"binary":"/Users/kiyarose/.cache/firebase/emulators/dataconnect-emulator-3.4.5","args":["--logtostderr","-v=2","dev","--listen=localhost:50001","--config_dir=/Users/kiyarose/Documents/SLTMAIN/CookieCut/CookieCut/dataconnect","--enable_output_schema_extensions=true","--enable_output_generated_sdk=true"],"optionalArgs":["listen","config_dir","enable_output_schema_extensions","enable_output_generated_sdk"],"joinArgs":true,"shell":false,"port":9399} {"metadata":{"emulator":{"name":"dataconnect"},"message":"Starting SQL Connect Emulator with command {\"binary\":\"/Users/kiyarose/.cache/firebase/emulators/dataconnect-emulator-3.4.5\",\"args\":[\"--logtostderr\",\"-v=2\",\"dev\",\"--listen=localhost:50001\",\"--config_dir=/Users/kiyarose/Documents/SLTMAIN/CookieCut/CookieCut/dataconnect\",\"--enable_output_schema_extensions=true\",\"--enable_output_generated_sdk=true\"],\"optionalArgs\":[\"listen\",\"config_dir\",\"enable_output_schema_extensions\",\"enable_output_generated_sdk\"],\"joinArgs\":true,\"shell\":false,\"port\":9399}"}}
[info] i  dataconnect: SQL Connect Emulator logging to dataconnect-debug.log {"metadata":{"emulator":{"name":"dataconnect"},"message":"SQL Connect Emulator logging to dataconnect-debug.log"}}
[error] [Firebase Plugin] requireAuth error: Could not load the default credentials. Browse to https://cloud.google.com/docs/authentication/getting-started for more information.
[debug] [2026-05-02T15:45:29.513Z] E0502 11:45:29.498400   27587 dev.go:83] Failed to load initial config from "/Users/kiyarose/Documents/SLTMAIN/CookieCut/CookieCut/dataconnect": could not find dataconnect.yaml in `/Users/kiyarose/Documents/SLTMAIN/CookieCut/CookieCut/dataconnect`
 {"metadata":{"emulator":{"name":"dataconnect"},"message":"E0502 11:45:29.498400   27587 dev.go:83] Failed to load initial config from \"/Users/kiyarose/Documents/SLTMAIN/CookieCut/CookieCut/dataconnect\": could not find dataconnect.yaml in `/Users/kiyarose/Documents/SLTMAIN/CookieCut/CookieCut/dataconnect`\n"}}
[debug] [2026-05-02T15:45:29.534Z] E0502 11:45:29.528483   27587 watch.go:116] watchAllDir unable to walk dir `/Users/kiyarose/Documents/SLTMAIN/CookieCut/CookieCut/dataconnect`: lstat /Users/kiyarose/Documents/SLTMAIN/CookieCut/CookieCut/dataconnect: no such file or directory
 {"metadata":{"emulator":{"name":"dataconnect"},"message":"E0502 11:45:29.528483   27587 watch.go:116] watchAllDir unable to walk dir `/Users/kiyarose/Documents/SLTMAIN/CookieCut/CookieCut/dataconnect`: lstat /Users/kiyarose/Documents/SLTMAIN/CookieCut/CookieCut/dataconnect: no such file or directory\n"}}
[debug] [2026-05-02T15:45:29.589Z] I0502 11:45:29.587962   27587 dev.go:104] Listening on address (HTTP + gRPC): 127.0.0.1:50001
 {"metadata":{"emulator":{"name":"dataconnect"},"message":"I0502 11:45:29.587962   27587 dev.go:104] Listening on address (HTTP + gRPC): 127.0.0.1:50001\n"}}
[error] [Firebase Plugin] error:  {}
[debug] [2026-05-02T15:45:39.615Z] E0502 11:45:39.614960   27587 watch.go:40] Failed to load config from "/Users/kiyarose/Documents/SLTMAIN/CookieCut/CookieCut/dataconnect": could not find dataconnect.yaml in `/Users/kiyarose/Documents/SLTMAIN/CookieCut/CookieCut/dataconnect`
 {"metadata":{"emulator":{"name":"dataconnect"},"message":"E0502 11:45:39.614960   27587 watch.go:40] Failed to load config from \"/Users/kiyarose/Documents/SLTMAIN/CookieCut/CookieCut/dataconnect\": could not find dataconnect.yaml in `/Users/kiyarose/Documents/SLTMAIN/CookieCut/CookieCut/dataconnect`\n"}}
[debug] [2026-05-02T15:45:49.531Z] E0502 11:45:49.529968   27587 watch.go:40] Failed to load config from "/Users/kiyarose/Documents/SLTMAIN/CookieCut/CookieCut/dataconnect": could not find dataconnect.yaml in `/Users/kiyarose/Documents/SLTMAIN/CookieCut/CookieCut/dataconnect`
 {"metadata":{"emulator":{"name":"dataconnect"},"message":"E0502 11:45:49.529968   27587 watch.go:40] Failed to load config from \"/Users/kiyarose/Documents/SLTMAIN/CookieCut/CookieCut/dataconnect\": could not find dataconnect.yaml in `/Users/kiyarose/Documents/SLTMAIN/CookieCut/CookieCut/dataconnect`\n"}}
[info] [Firebase Plugin] Stopping SQL Connect toolkit
[warn] ⚠  SQL Connect Emulator has exited upon receiving signal: SIGINT 
